<?xml version="1.0" encoding="UTF-8"?>
<!-- Generated by org.testng.reporters.JUnitReportReporter -->
<testsuite hostname="AM-NOVA-COMP" name="demo.test.SearchAppleTest" tests="1" failures="0" timestamp="7 Dec 2014 09:49:27 GMT" time="25.898" errors="0">
  <testcase name="xTest" time="25.898" classname="demo.test.SearchAppleTest"/>
</testsuite> <!-- demo.test.SearchAppleTest -->
