<?xml version="1.0" encoding="UTF-8"?>
<!-- Generated by org.testng.reporters.JUnitReportReporter -->
<testsuite hostname="AM-NOVA-COMP" name="demo.test.SwitchCurrencyTest" tests="1" failures="0" timestamp="7 Dec 2014 09:49:27 GMT" time="11.361" errors="0">
  <testcase name="xTest" time="11.361" classname="demo.test.SwitchCurrencyTest"/>
</testsuite> <!-- demo.test.SwitchCurrencyTest -->
