<?xml version="1.0" encoding="UTF-8"?>
<!-- Generated by org.testng.reporters.JUnitReportReporter -->
<testsuite hostname="AM-NOVA-COMP" name="demo.test.ProducerTest" tests="1" failures="0" timestamp="6 Dec 2014 09:18:33 GMT" time="10.130" errors="0">
  <testcase name="xTest" time="10.130" classname="demo.test.ProducerTest"/>
</testsuite> <!-- demo.test.ProducerTest -->
