<?xml version="1.0" encoding="UTF-8"?>
<!-- Generated by org.testng.reporters.JUnitReportReporter -->
<testsuite hostname="AM-NOVA-COMP" name="demo.test.SomeProducerTest" tests="1" failures="0" timestamp="5 Dec 2014 12:57:42 GMT" time="12.734" errors="0">
  <testcase name="xTest" time="12.734" classname="demo.test.SomeProducerTest"/>
</testsuite> <!-- demo.test.SomeProducerTest -->
