<?xml version="1.0" encoding="UTF-8"?>
<!-- Generated by org.testng.reporters.JUnitReportReporter -->
<testsuite hostname="AM-NOVA-COMP" name="demo.test.LoginTest" tests="1" failures="0" timestamp="4 Dec 2014 23:02:37 GMT" time="11.612" errors="0">
  <testcase name="xTest" time="11.612" classname="demo.test.LoginTest"/>
</testsuite> <!-- demo.test.LoginTest -->
